Using pre-set license
Built from '2021.3/staging' branch; Version is '2021.3.11f1 (0a5ca18544bf) revision 679073'; Using compiler version '192829333'; Build Type 'Release'
OS: 'Windows 10  (10.0.19045) 64bit Core' Language: 'en' Physical Memory: 16321 MB
BatchMode: 1, IsHumanControllingUs: 0, StartBugReporterOnCrash: 0, Is64bit: 1, IsPro: 1

COMMAND LINE ARGUMENTS:
C:\Program Files\Unity\Hub\Editor\2021.3.11f1\Editor\Unity.exe
-adb2
-batchMode
-noUpm
-name
AssetImportWorker0
-projectPath
C:/Users/gusto/Desktop/Unity/tiny_magi_proto2
-logFile
Logs/AssetImportWorker0.log
-srvPort
30566
Successfully changed project path to: C:/Users/gusto/Desktop/Unity/tiny_magi_proto2
C:/Users/gusto/Desktop/Unity/tiny_magi_proto2
[UnityMemory] Configuration Parameters - Can be set up in boot.config
    "memorysetup-bucket-allocator-granularity=16"
    "memorysetup-bucket-allocator-bucket-count=8"
    "memorysetup-bucket-allocator-block-size=33554432"
    "memorysetup-bucket-allocator-block-count=8"
    "memorysetup-main-allocator-block-size=16777216"
    "memorysetup-thread-allocator-block-size=16777216"
    "memorysetup-gfx-main-allocator-block-size=16777216"
    "memorysetup-gfx-thread-allocator-block-size=16777216"
    "memorysetup-cache-allocator-block-size=4194304"
    "memorysetup-typetree-allocator-block-size=2097152"
    "memorysetup-profiler-bucket-allocator-granularity=16"
    "memorysetup-profiler-bucket-allocator-bucket-count=8"
    "memorysetup-profiler-bucket-allocator-block-size=33554432"
    "memorysetup-profiler-bucket-allocator-block-count=8"
    "memorysetup-profiler-allocator-block-size=16777216"
    "memorysetup-profiler-editor-allocator-block-size=1048576"
    "memorysetup-temp-allocator-size-main=16777216"
    "memorysetup-job-temp-allocator-block-size=2097152"
    "memorysetup-job-temp-allocator-block-size-background=1048576"
    "memorysetup-job-temp-allocator-reduction-small-platforms=262144"
    "memorysetup-temp-allocator-size-background-worker=32768"
    "memorysetup-temp-allocator-size-job-worker=262144"
    "memorysetup-temp-allocator-size-preload-manager=33554432"
    "memorysetup-temp-allocator-size-nav-mesh-worker=65536"
    "memorysetup-temp-allocator-size-audio-worker=65536"
    "memorysetup-temp-allocator-size-cloud-worker=32768"
    "memorysetup-temp-allocator-size-gi-baking-worker=262144"
    "memorysetup-temp-allocator-size-gfx=262144"
Refreshing native plugins compatible for Editor in 151.26 ms, found 4 plugins.
Preloading 0 native plugins for Editor in 0.00 ms.
Initialize engine version: 2021.3.11f1 (0a5ca18544bf)
[Subsystems] Discovering subsystems at path C:/Program Files/Unity/Hub/Editor/2021.3.11f1/Editor/Data/Resources/UnitySubsystems
[Subsystems] Discovering subsystems at path C:/Users/gusto/Desktop/Unity/tiny_magi_proto2/Assets
GfxDevice: creating device client; threaded=0; jobified=0
Direct3D:
    Version:  Direct3D 11.0 [level 11.1]
    Renderer: NVIDIA GeForce GTX 1080 (ID=0x1b80)
    Vendor:   NVIDIA
    VRAM:     8072 MB
    Driver:   31.0.15.3667
Initialize mono
Mono path[0] = 'C:/Program Files/Unity/Hub/Editor/2021.3.11f1/Editor/Data/Managed'
Mono path[1] = 'C:/Program Files/Unity/Hub/Editor/2021.3.11f1/Editor/Data/MonoBleedingEdge/lib/mono/unityjit-win32'
Mono config path = 'C:/Program Files/Unity/Hub/Editor/2021.3.11f1/Editor/Data/MonoBleedingEdge/etc'
Using monoOptions --debugger-agent=transport=dt_socket,embedding=1,server=y,suspend=n,address=127.0.0.1:56200
Begin MonoManager ReloadAssembly
Registering precompiled unity dll's ...
Register platform support module: C:/Program Files/Unity/Hub/Editor/2021.3.11f1/Editor/Data/PlaybackEngines/WindowsStandaloneSupport/UnityEditor.WindowsStandalone.Extensions.dll
Registered in 0.013428 seconds.
Native extension for WindowsStandalone target not found
Refreshing native plugins compatible for Editor in 153.01 ms, found 4 plugins.
Preloading 0 native plugins for Editor in 0.00 ms.
Mono: successfully reloaded assembly
- Completed reload, in  0.954 seconds
Domain Reload Profiling:
	ReloadAssembly (955ms)
		BeginReloadAssembly (120ms)
			ExecutionOrderSort (0ms)
			DisableScriptedObjects (0ms)
			BackupInstance (0ms)
			ReleaseScriptingObjects (0ms)
			CreateAndSetChildDomain (1ms)
		EndReloadAssembly (651ms)
			LoadAssemblies (116ms)
			RebuildTransferFunctionScriptingTraits (0ms)
			SetupTypeCache (136ms)
			ReleaseScriptCaches (0ms)
			RebuildScriptCaches (40ms)
			SetupLoadedEditorAssemblies (412ms)
				LogAssemblyErrors (0ms)
				InitializePlatformSupportModulesInManaged (13ms)
				SetLoadedEditorAssemblies (0ms)
				RefreshPlugins (153ms)
				BeforeProcessingInitializeOnLoad (1ms)
				ProcessInitializeOnLoadAttributes (185ms)
				ProcessInitializeOnLoadMethodAttributes (59ms)
				AfterProcessingInitializeOnLoad (0ms)
				EditorAssembliesLoaded (0ms)
			ExecutionOrderSort2 (0ms)
			AwakeInstancesAfterBackupRestoration (0ms)
Platform modules already initialized, skipping
Registering precompiled user dll's ...
Registered in 0.008721 seconds.
Begin MonoManager ReloadAssembly
Symbol file LoadedFromMemory doesn't match image C:\Users\gusto\Desktop\Unity\tiny_magi_proto2\Library\PackageCache\com.unity.visualscripting@1.7.8\Editor\VisualScripting.Core\Dependencies\YamlDotNet\Unity.VisualScripting.YamlDotNet.dll
Symbol file LoadedFromMemory doesn't match image C:\Users\gusto\Desktop\Unity\tiny_magi_proto2\Library\PackageCache\com.unity.visualscripting@1.7.8\Editor\VisualScripting.Core\Dependencies\DotNetZip\Unity.VisualScripting.IonicZip.dll
Native extension for WindowsStandalone target not found
Refreshing native plugins compatible for Editor in 165.31 ms, found 4 plugins.
Preloading 0 native plugins for Editor in 0.00 ms.
Mono: successfully reloaded assembly
- Completed reload, in  1.976 seconds
Domain Reload Profiling:
	ReloadAssembly (1977ms)
		BeginReloadAssembly (141ms)
			ExecutionOrderSort (0ms)
			DisableScriptedObjects (6ms)
			BackupInstance (0ms)
			ReleaseScriptingObjects (0ms)
			CreateAndSetChildDomain (25ms)
		EndReloadAssembly (1671ms)
			LoadAssemblies (120ms)
			RebuildTransferFunctionScriptingTraits (0ms)
			SetupTypeCache (443ms)
			ReleaseScriptCaches (1ms)
			RebuildScriptCaches (109ms)
			SetupLoadedEditorAssemblies (894ms)
				LogAssemblyErrors (0ms)
				InitializePlatformSupportModulesInManaged (8ms)
				SetLoadedEditorAssemblies (0ms)
				RefreshPlugins (165ms)
				BeforeProcessingInitializeOnLoad (180ms)
				ProcessInitializeOnLoadAttributes (409ms)
				ProcessInitializeOnLoadMethodAttributes (116ms)
				AfterProcessingInitializeOnLoad (14ms)
				EditorAssembliesLoaded (0ms)
			ExecutionOrderSort2 (0ms)
			AwakeInstancesAfterBackupRestoration (11ms)
Platform modules already initialized, skipping
========================================================================
Worker process is ready to serve import requests
Launched and connected shader compiler UnityShaderCompiler.exe after 0.06 seconds
Refreshing native plugins compatible for Editor in 1.68 ms, found 4 plugins.
Preloading 0 native plugins for Editor in 0.00 ms.
Unloading 6034 Unused Serialized files (Serialized files now loaded: 0)
Unloading 74 unused Assets / (1.3 MB). Loaded Objects now: 6470.
Memory consumption went from 233.3 MB to 232.0 MB.
Total: 6.591900 ms (FindLiveObjects: 0.875000 ms CreateObjectMapping: 0.789300 ms MarkObjects: 4.377300 ms  DeleteObjects: 0.549000 ms)

AssetImportParameters requested are different than current active one (requested -> active):
  custom:video-decoder-ogg-theora: a1e56fd34408186e4bbccfd4996cb3dc -> 
  custom:container-muxer-webm: aa71ff27fc2769a1b78a27578f13a17b -> 
  custom:container-demuxer-webm: 4f35f7cbe854078d1ac9338744f61a02 -> 
  custom:video-encoder-webm-vp8: eb34c28f22e8b96e1ab97ce403110664 -> 
  custom:audio-encoder-webm-vorbis: bf7c407c2cedff20999df2af8eb42d56 -> 
  custom:framework-win-MediaFoundation: 216162199b28c13a410421893ffa2e32 -> 
  custom:container-demuxer-ogg: 62fdf1f143b41e24485cea50d1cbac27 -> 
  custom:video-decoder-webm-vp8: 9c59270c3fd7afecdb556c50c9e8de78 -> 
  custom:audio-decoder-ogg-vorbis: bf7c407c2cedff20999df2af8eb42d56 -> 
========================================================================
Received Import Request.
  Time since last request: 143658.107417 seconds.
  path: Assets/Scripts/Player/PlayerInput.inputactions
  artifactKey: Guid(f1a6089f808ecfb439009e5ca8470d21) Importer(815301076,1909f56bfc062723c751e8b465ee728b)
Start importing Assets/Scripts/Player/PlayerInput.inputactions using Guid(f1a6089f808ecfb439009e5ca8470d21) Importer(815301076,1909f56bfc062723c751e8b465ee728b)  -> (artifact id: '35428baadb383842addc2e39290c52a3') in 0.045230 seconds 
========================================================================
Received Import Request.
  Time since last request: 1.632630 seconds.
  path: Assets/Scripts/Player/PlayerInput.inputactions
  artifactKey: Guid(f1a6089f808ecfb439009e5ca8470d21) Importer(815301076,1909f56bfc062723c751e8b465ee728b)
Start importing Assets/Scripts/Player/PlayerInput.inputactions using Guid(f1a6089f808ecfb439009e5ca8470d21) Importer(815301076,1909f56bfc062723c751e8b465ee728b)  -> (artifact id: '76f689243c7f21a5fb716f9155186617') in 0.003931 seconds 
========================================================================
Received Import Request.
  Time since last request: 8.514187 seconds.
  path: Assets/Scripts/Player/PlayerInput.inputactions
  artifactKey: Guid(f1a6089f808ecfb439009e5ca8470d21) Importer(815301076,1909f56bfc062723c751e8b465ee728b)
Start importing Assets/Scripts/Player/PlayerInput.inputactions using Guid(f1a6089f808ecfb439009e5ca8470d21) Importer(815301076,1909f56bfc062723c751e8b465ee728b)  -> (artifact id: 'c3155c5a5fcedd41be0713024954416f') in 0.005842 seconds 
========================================================================
Received Import Request.
  Time since last request: 3.669459 seconds.
  path: Assets/Scripts/Player/PlayerInput.inputactions
  artifactKey: Guid(f1a6089f808ecfb439009e5ca8470d21) Importer(815301076,1909f56bfc062723c751e8b465ee728b)
Start importing Assets/Scripts/Player/PlayerInput.inputactions using Guid(f1a6089f808ecfb439009e5ca8470d21) Importer(815301076,1909f56bfc062723c751e8b465ee728b)  -> (artifact id: 'c7e642e590cc86d26ce6cb543f9f7ae8') in 0.002974 seconds 
========================================================================
Received Import Request.
  Time since last request: 0.975827 seconds.
  path: Assets/Scripts/Player/PlayerInput.inputactions
  artifactKey: Guid(f1a6089f808ecfb439009e5ca8470d21) Importer(815301076,1909f56bfc062723c751e8b465ee728b)
Start importing Assets/Scripts/Player/PlayerInput.inputactions using Guid(f1a6089f808ecfb439009e5ca8470d21) Importer(815301076,1909f56bfc062723c751e8b465ee728b)  -> (artifact id: 'df86e8126f57506d90b537befb77997f') in 0.006032 seconds 
========================================================================
Received Import Request.
  Time since last request: 2.013011 seconds.
  path: Assets/Scripts/Player/PlayerInput.inputactions
  artifactKey: Guid(f1a6089f808ecfb439009e5ca8470d21) Importer(815301076,1909f56bfc062723c751e8b465ee728b)
Start importing Assets/Scripts/Player/PlayerInput.inputactions using Guid(f1a6089f808ecfb439009e5ca8470d21) Importer(815301076,1909f56bfc062723c751e8b465ee728b)  -> (artifact id: '04d2bb2c5644d7dcf90ff0e5fa685377') in 0.004274 seconds 
========================================================================
Received Import Request.
  Time since last request: 2.712879 seconds.
  path: Assets/Scripts/Player/PlayerInput.inputactions
  artifactKey: Guid(f1a6089f808ecfb439009e5ca8470d21) Importer(815301076,1909f56bfc062723c751e8b465ee728b)
Start importing Assets/Scripts/Player/PlayerInput.inputactions using Guid(f1a6089f808ecfb439009e5ca8470d21) Importer(815301076,1909f56bfc062723c751e8b465ee728b)  -> (artifact id: '0d97360fbf4489c1b8c8603778387355') in 0.003725 seconds 
========================================================================
Received Import Request.
  Time since last request: 10.043725 seconds.
  path: Assets/Scripts/Player/PlayerInput.inputactions
  artifactKey: Guid(f1a6089f808ecfb439009e5ca8470d21) Importer(815301076,1909f56bfc062723c751e8b465ee728b)
Start importing Assets/Scripts/Player/PlayerInput.inputactions using Guid(f1a6089f808ecfb439009e5ca8470d21) Importer(815301076,1909f56bfc062723c751e8b465ee728b)  -> (artifact id: 'f2cb7898ab060dc71a653b9dec7a2527') in 0.004477 seconds 
========================================================================
Received Import Request.
  Time since last request: 4.802580 seconds.
  path: Assets/Scripts/Player/PlayerInput.inputactions
  artifactKey: Guid(f1a6089f808ecfb439009e5ca8470d21) Importer(815301076,1909f56bfc062723c751e8b465ee728b)
Start importing Assets/Scripts/Player/PlayerInput.inputactions using Guid(f1a6089f808ecfb439009e5ca8470d21) Importer(815301076,1909f56bfc062723c751e8b465ee728b)  -> (artifact id: '7f67411fa825245d86daab86801cb244') in 0.003347 seconds 
========================================================================
Received Import Request.
  Time since last request: 8.146954 seconds.
  path: Assets/Scripts/Player/PlayerInput.inputactions
  artifactKey: Guid(f1a6089f808ecfb439009e5ca8470d21) Importer(815301076,1909f56bfc062723c751e8b465ee728b)
Start importing Assets/Scripts/Player/PlayerInput.inputactions using Guid(f1a6089f808ecfb439009e5ca8470d21) Importer(815301076,1909f56bfc062723c751e8b465ee728b)  -> (artifact id: '3b5295a58442f17075693b2403729c14') in 0.003708 seconds 
========================================================================
Received Import Request.
  Time since last request: 7.309854 seconds.
  path: Assets/Scripts/Player/PlayerInput.inputactions
  artifactKey: Guid(f1a6089f808ecfb439009e5ca8470d21) Importer(815301076,1909f56bfc062723c751e8b465ee728b)
Start importing Assets/Scripts/Player/PlayerInput.inputactions using Guid(f1a6089f808ecfb439009e5ca8470d21) Importer(815301076,1909f56bfc062723c751e8b465ee728b)  -> (artifact id: 'd6ee96e4b7aaa22e58e77638f6cf8291') in 0.009015 seconds 
========================================================================
Received Import Request.
  Time since last request: 3.897179 seconds.
  path: Assets/Scripts/Player/PlayerInput.inputactions
  artifactKey: Guid(f1a6089f808ecfb439009e5ca8470d21) Importer(815301076,1909f56bfc062723c751e8b465ee728b)
Start importing Assets/Scripts/Player/PlayerInput.inputactions using Guid(f1a6089f808ecfb439009e5ca8470d21) Importer(815301076,1909f56bfc062723c751e8b465ee728b)  -> (artifact id: '5270ff58d97ea1b016e69bf5e1da3c08') in 0.003524 seconds 
========================================================================
Received Import Request.
  Time since last request: 3.726457 seconds.
  path: Assets/Scripts/Player/PlayerInput.inputactions
  artifactKey: Guid(f1a6089f808ecfb439009e5ca8470d21) Importer(815301076,1909f56bfc062723c751e8b465ee728b)
Start importing Assets/Scripts/Player/PlayerInput.inputactions using Guid(f1a6089f808ecfb439009e5ca8470d21) Importer(815301076,1909f56bfc062723c751e8b465ee728b)  -> (artifact id: 'f6582456f6fb71f0a55ddd718f05d358') in 0.005109 seconds 
========================================================================
Received Import Request.
  Time since last request: 3.137346 seconds.
  path: Assets/Scripts/Player/PlayerInput.inputactions
  artifactKey: Guid(f1a6089f808ecfb439009e5ca8470d21) Importer(815301076,1909f56bfc062723c751e8b465ee728b)
Start importing Assets/Scripts/Player/PlayerInput.inputactions using Guid(f1a6089f808ecfb439009e5ca8470d21) Importer(815301076,1909f56bfc062723c751e8b465ee728b)  -> (artifact id: '6f6828ffc27ee3c540a093885275bb6b') in 0.003640 seconds 
========================================================================
Received Import Request.
  Time since last request: 20.118510 seconds.
  path: Assets/Scripts/Player/PlayerInputs.inputactions
  artifactKey: Guid(f1a6089f808ecfb439009e5ca8470d21) Importer(815301076,1909f56bfc062723c751e8b465ee728b)
Start importing Assets/Scripts/Player/PlayerInputs.inputactions using Guid(f1a6089f808ecfb439009e5ca8470d21) Importer(815301076,1909f56bfc062723c751e8b465ee728b)  -> (artifact id: '1c7d0c72802ec74281bcbba5203cc6bb') in 0.013247 seconds 
========================================================================
Received Prepare
Registering precompiled user dll's ...
Registered in 0.009900 seconds.
Begin MonoManager ReloadAssembly
Symbol file LoadedFromMemory doesn't match image C:\Users\gusto\Desktop\Unity\tiny_magi_proto2\Library\PackageCache\com.unity.visualscripting@1.7.8\Editor\VisualScripting.Core\Dependencies\YamlDotNet\Unity.VisualScripting.YamlDotNet.dll
Symbol file LoadedFromMemory doesn't match image C:\Users\gusto\Desktop\Unity\tiny_magi_proto2\Library\PackageCache\com.unity.visualscripting@1.7.8\Editor\VisualScripting.Core\Dependencies\DotNetZip\Unity.VisualScripting.IonicZip.dll
Native extension for WindowsStandalone target not found
Refreshing native plugins compatible for Editor in 1.36 ms, found 4 plugins.
Preloading 0 native plugins for Editor in 0.00 ms.
Mono: successfully reloaded assembly
- Completed reload, in  1.890 seconds
Domain Reload Profiling:
	ReloadAssembly (1890ms)
		BeginReloadAssembly (201ms)
			ExecutionOrderSort (0ms)
			DisableScriptedObjects (7ms)
			BackupInstance (0ms)
			ReleaseScriptingObjects (0ms)
			CreateAndSetChildDomain (66ms)
		EndReloadAssembly (1528ms)
			LoadAssemblies (131ms)
			RebuildTransferFunctionScriptingTraits (0ms)
			SetupTypeCache (443ms)
			ReleaseScriptCaches (3ms)
			RebuildScriptCaches (98ms)
			SetupLoadedEditorAssemblies (736ms)
				LogAssemblyErrors (0ms)
				InitializePlatformSupportModulesInManaged (28ms)
				SetLoadedEditorAssemblies (1ms)
				RefreshPlugins (2ms)
				BeforeProcessingInitializeOnLoad (142ms)
				ProcessInitializeOnLoadAttributes (422ms)
				ProcessInitializeOnLoadMethodAttributes (130ms)
				AfterProcessingInitializeOnLoad (12ms)
				EditorAssembliesLoaded (0ms)
			ExecutionOrderSort2 (0ms)
			AwakeInstancesAfterBackupRestoration (15ms)
Platform modules already initialized, skipping
Refreshing native plugins compatible for Editor in 4.61 ms, found 4 plugins.
Preloading 0 native plugins for Editor in 0.00 ms.
Unloading 5917 Unused Serialized files (Serialized files now loaded: 0)
Unloading 47 unused Assets / (1.3 MB). Loaded Objects now: 6486.
Memory consumption went from 225.8 MB to 224.5 MB.
Total: 8.288400 ms (FindLiveObjects: 0.558100 ms CreateObjectMapping: 0.670800 ms MarkObjects: 6.502800 ms  DeleteObjects: 0.555700 ms)

AssetImportParameters requested are different than current active one (requested -> active):
  custom:video-decoder-ogg-theora: a1e56fd34408186e4bbccfd4996cb3dc -> 
  custom:container-muxer-webm: aa71ff27fc2769a1b78a27578f13a17b -> 
  custom:container-demuxer-webm: 4f35f7cbe854078d1ac9338744f61a02 -> 
  custom:video-encoder-webm-vp8: eb34c28f22e8b96e1ab97ce403110664 -> 
  custom:audio-encoder-webm-vorbis: bf7c407c2cedff20999df2af8eb42d56 -> 
  custom:framework-win-MediaFoundation: 216162199b28c13a410421893ffa2e32 -> 
  custom:container-demuxer-ogg: 62fdf1f143b41e24485cea50d1cbac27 -> 
  custom:video-decoder-webm-vp8: 9c59270c3fd7afecdb556c50c9e8de78 -> 
  custom:audio-decoder-ogg-vorbis: bf7c407c2cedff20999df2af8eb42d56 -> 
========================================================================
Received Import Request.
  Time since last request: 181.415321 seconds.
  path: Assets/Animation/Player/Player.controller
  artifactKey: Guid(8942c63952fc7d34aaf049b2b696e7c6) Importer(815301076,1909f56bfc062723c751e8b465ee728b)
Start importing Assets/Animation/Player/Player.controller using Guid(8942c63952fc7d34aaf049b2b696e7c6) Importer(815301076,1909f56bfc062723c751e8b465ee728b)  -> (artifact id: 'd0455da4ccf5fc5ad6734cee37d333db') in 0.039688 seconds 
========================================================================
Received Import Request.
  Time since last request: 78.897144 seconds.
  path: Assets/Animation/Player/MagiSprite-Idle.png
  artifactKey: Guid(7ccb97cf0afef4d48880a840b6b42366) Importer(815301076,1909f56bfc062723c751e8b465ee728b)
Start importing Assets/Animation/Player/MagiSprite-Idle.png using Guid(7ccb97cf0afef4d48880a840b6b42366) Importer(815301076,1909f56bfc062723c751e8b465ee728b)  -> (artifact id: '353ffbb17a2ee1aaeb45f2014e19ef49') in 0.105276 seconds 
========================================================================
Received Import Request.
  Time since last request: 103.305582 seconds.
  path: Assets/Animation/Player/MagiSprite-Idle.png
  artifactKey: Guid(7ccb97cf0afef4d48880a840b6b42366) Importer(815301076,1909f56bfc062723c751e8b465ee728b)
Start importing Assets/Animation/Player/MagiSprite-Idle.png using Guid(7ccb97cf0afef4d48880a840b6b42366) Importer(815301076,1909f56bfc062723c751e8b465ee728b)  -> (artifact id: '3fb62118d01c17a20719ab4eee4715a8') in 0.031459 seconds 
========================================================================
Received Import Request.
  Time since last request: 38.008590 seconds.
  path: Assets/Animation/Player/MagiSprite-Run.png
  artifactKey: Guid(7e4b4646e8919234ba33faf3adb8c02a) Importer(815301076,1909f56bfc062723c751e8b465ee728b)
Start importing Assets/Animation/Player/MagiSprite-Run.png using Guid(7e4b4646e8919234ba33faf3adb8c02a) Importer(815301076,1909f56bfc062723c751e8b465ee728b)  -> (artifact id: '7a53fcf67a042c8742297a767045f87e') in 0.076446 seconds 
========================================================================
Received Import Request.
  Time since last request: 125.398269 seconds.
  path: Assets/Animation/Enemy/EnemyAC.controller
  artifactKey: Guid(4f0e065bcd743114abcf461835ef93f9) Importer(815301076,1909f56bfc062723c751e8b465ee728b)
Start importing Assets/Animation/Enemy/EnemyAC.controller using Guid(4f0e065bcd743114abcf461835ef93f9) Importer(815301076,1909f56bfc062723c751e8b465ee728b)  -> (artifact id: '2a9eab69312ec0fbc8e53acbff274b6f') in 0.015450 seconds 
========================================================================
Received Import Request.
  Time since last request: 14.476443 seconds.
  path: Assets/Animation/Player/PlayerAC.controller
  artifactKey: Guid(8942c63952fc7d34aaf049b2b696e7c6) Importer(815301076,1909f56bfc062723c751e8b465ee728b)
Start importing Assets/Animation/Player/PlayerAC.controller using Guid(8942c63952fc7d34aaf049b2b696e7c6) Importer(815301076,1909f56bfc062723c751e8b465ee728b)  -> (artifact id: '21766b51ec87c7d39ec2bed8ff8dd9e1') in 0.014148 seconds 
========================================================================
Received Import Request.
  Time since last request: 53.775362 seconds.
  path: Assets/Idle.anim
  artifactKey: Guid(f80af5a50d6db944199ba4cc44b81e2f) Importer(815301076,1909f56bfc062723c751e8b465ee728b)
Start importing Assets/Idle.anim using Guid(f80af5a50d6db944199ba4cc44b81e2f) Importer(815301076,1909f56bfc062723c751e8b465ee728b)  -> (artifact id: 'e25e2d83ee7487c9e359da9d877ac12e') in 0.017340 seconds 
========================================================================
Received Import Request.
  Time since last request: 0.385404 seconds.
  path: Assets/Move.anim
  artifactKey: Guid(ced1d85c8b088c64e91c5dc62a1ee323) Importer(815301076,1909f56bfc062723c751e8b465ee728b)
Start importing Assets/Move.anim using Guid(ced1d85c8b088c64e91c5dc62a1ee323) Importer(815301076,1909f56bfc062723c751e8b465ee728b)  -> (artifact id: '0ae526f379145d13da5af11b7f1b5848') in 0.013559 seconds 
========================================================================
Received Import Request.
  Time since last request: 94.488149 seconds.
  path: Assets/Animation/Enemy/EnemySkeleton-Idle.png
  artifactKey: Guid(86021dd7431eb7240bf7c649bd0c4684) Importer(815301076,1909f56bfc062723c751e8b465ee728b)
Start importing Assets/Animation/Enemy/EnemySkeleton-Idle.png using Guid(86021dd7431eb7240bf7c649bd0c4684) Importer(815301076,1909f56bfc062723c751e8b465ee728b)  -> (artifact id: 'aed72db9f682906231e8b991a093a4f0') in 0.040279 seconds 
========================================================================
Received Import Request.
  Time since last request: 53.689375 seconds.
  path: Assets/Animation/Enemy/Idle.anim
  artifactKey: Guid(00298a8ccaf9bf449955c152c6d23b84) Importer(815301076,1909f56bfc062723c751e8b465ee728b)
Start importing Assets/Animation/Enemy/Idle.anim using Guid(00298a8ccaf9bf449955c152c6d23b84) Importer(815301076,1909f56bfc062723c751e8b465ee728b)  -> (artifact id: '16a3ad65566afb8d25b12bb96efc84c1') in 0.003537 seconds 
========================================================================
Received Import Request.
  Time since last request: 3.906985 seconds.
  path: Assets/Animation/Enemy/Move.anim
  artifactKey: Guid(a1e65d743a1adf645890936e03268da5) Importer(815301076,1909f56bfc062723c751e8b465ee728b)
Start importing Assets/Animation/Enemy/Move.anim using Guid(a1e65d743a1adf645890936e03268da5) Importer(815301076,1909f56bfc062723c751e8b465ee728b)  -> (artifact id: '8755d818234d5aff7ac286e417f8e8cf') in 0.003615 seconds 
========================================================================
Received Import Request.
  Time since last request: 88.785010 seconds.
  path: Assets/Animation/Enemy/EnemySkeleton-Idle.png
  artifactKey: Guid(86021dd7431eb7240bf7c649bd0c4684) Importer(815301076,1909f56bfc062723c751e8b465ee728b)
Start importing Assets/Animation/Enemy/EnemySkeleton-Idle.png using Guid(86021dd7431eb7240bf7c649bd0c4684) Importer(815301076,1909f56bfc062723c751e8b465ee728b)  -> (artifact id: '6bc1708e21625062930bff4271d22190') in 0.035526 seconds 
========================================================================
Received Import Request.
  Time since last request: 138.906468 seconds.
  path: Assets/Animation/Enemy/EnemySkeleton-Idle.png
  artifactKey: Guid(86021dd7431eb7240bf7c649bd0c4684) Importer(815301076,1909f56bfc062723c751e8b465ee728b)
Start importing Assets/Animation/Enemy/EnemySkeleton-Idle.png using Guid(86021dd7431eb7240bf7c649bd0c4684) Importer(815301076,1909f56bfc062723c751e8b465ee728b)  -> (artifact id: 'ff3e0fafc0220613d6e4d173f8d61586') in 0.030813 seconds 
========================================================================
Received Import Request.
  Time since last request: 19.908241 seconds.
  path: Assets/Animation/Enemy/EnemySkeleton-Idle.png
  artifactKey: Guid(86021dd7431eb7240bf7c649bd0c4684) Importer(815301076,1909f56bfc062723c751e8b465ee728b)
Start importing Assets/Animation/Enemy/EnemySkeleton-Idle.png using Guid(86021dd7431eb7240bf7c649bd0c4684) Importer(815301076,1909f56bfc062723c751e8b465ee728b)  -> (artifact id: 'f0912d9a1223edcf335e777b13a34e0d') in 0.017570 seconds 
========================================================================
Received Import Request.
  Time since last request: 129.326856 seconds.
  path: Assets/Animation/Enemy/EnemySkeleton-Idle.png
  artifactKey: Guid(86021dd7431eb7240bf7c649bd0c4684) Importer(815301076,1909f56bfc062723c751e8b465ee728b)
Start importing Assets/Animation/Enemy/EnemySkeleton-Idle.png using Guid(86021dd7431eb7240bf7c649bd0c4684) Importer(815301076,1909f56bfc062723c751e8b465ee728b)  -> (artifact id: 'ddf3ba3dbd1d620a183223c825fbcbe6') in 0.048007 seconds 
========================================================================
Received Import Request.
  Time since last request: 57.732833 seconds.
  path: Assets/Animation/Enemy/MagiSprite-Idle.png
  artifactKey: Guid(745a91b4ffa4b7f46b7d1b9b4d8aac5c) Importer(815301076,1909f56bfc062723c751e8b465ee728b)
Start importing Assets/Animation/Enemy/MagiSprite-Idle.png using Guid(745a91b4ffa4b7f46b7d1b9b4d8aac5c) Importer(815301076,1909f56bfc062723c751e8b465ee728b)  -> (artifact id: '019424107c8832f3103d78cdc7072e1d') in 0.024558 seconds 
========================================================================
Received Import Request.
  Time since last request: 70.066703 seconds.
  path: Assets/Animation/Enemy/EnemySkeleton-Idle.png
  artifactKey: Guid(86021dd7431eb7240bf7c649bd0c4684) Importer(815301076,1909f56bfc062723c751e8b465ee728b)
Start importing Assets/Animation/Enemy/EnemySkeleton-Idle.png using Guid(86021dd7431eb7240bf7c649bd0c4684) Importer(815301076,1909f56bfc062723c751e8b465ee728b)  -> (artifact id: '15e3c2dff44c5f31c4a51178cf43f05a') in 0.032295 seconds 
========================================================================
Received Import Request.
  Time since last request: 110.781070 seconds.
  path: Assets/Animation/Enemy/EnemySkeleton-Idle.png
  artifactKey: Guid(86021dd7431eb7240bf7c649bd0c4684) Importer(815301076,1909f56bfc062723c751e8b465ee728b)
Start importing Assets/Animation/Enemy/EnemySkeleton-Idle.png using Guid(86021dd7431eb7240bf7c649bd0c4684) Importer(815301076,1909f56bfc062723c751e8b465ee728b)  -> (artifact id: '7b7a24c2279e238d78120e8de0eca590') in 0.019001 seconds 
========================================================================
Received Import Request.
  Time since last request: 74.442470 seconds.
  path: Packages/com.unity.collab-proxy/Editor/PlasticSCM/Assets/Images/secondarytabclosehover.png
  artifactKey: Guid(8fac55fff4ce5fa40a7b2efefc0e617a) Importer(815301076,1909f56bfc062723c751e8b465ee728b)
Start importing Packages/com.unity.collab-proxy/Editor/PlasticSCM/Assets/Images/secondarytabclosehover.png using Guid(8fac55fff4ce5fa40a7b2efefc0e617a) Importer(815301076,1909f56bfc062723c751e8b465ee728b)  -> (artifact id: '4bf358f11170489ad2d5be6e344efe27') in 0.036395 seconds 
========================================================================
Received Import Request.
  Time since last request: 0.000030 seconds.
  path: Packages/com.unity.2d.animation/Editor/Assets/SkinningModule/Icons/Light/Split_Edge@3x.png
  artifactKey: Guid(4d2d8fb4fc2041441980b4ec253532b0) Importer(815301076,1909f56bfc062723c751e8b465ee728b)
Start importing Packages/com.unity.2d.animation/Editor/Assets/SkinningModule/Icons/Light/Split_Edge@3x.png using Guid(4d2d8fb4fc2041441980b4ec253532b0) Importer(815301076,1909f56bfc062723c751e8b465ee728b)  -> (artifact id: 'c72d47fc6f0d509316ec9b3229015dbe') in 0.044481 seconds 
========================================================================
Received Import Request.
  Time since last request: 0.000037 seconds.
  path: Packages/com.unity.2d.animation/Editor/Assets/SkinningModule/Icons/Light/Split_Edge@2x.png
  artifactKey: Guid(3c84cd9c7ddd51c4b959d02c41aced07) Importer(815301076,1909f56bfc062723c751e8b465ee728b)
Start importing Packages/com.unity.2d.animation/Editor/Assets/SkinningModule/Icons/Light/Split_Edge@2x.png using Guid(3c84cd9c7ddd51c4b959d02c41aced07) Importer(815301076,1909f56bfc062723c751e8b465ee728b)  -> (artifact id: 'b86d44f6051543deb232438bae22328c') in 0.041592 seconds 
========================================================================
Received Import Request.
  Time since last request: 0.000027 seconds.
  path: Packages/com.unity.2d.animation/Editor/Assets/SkinningModule/Icons/Light/Split Bones@4x.png
  artifactKey: Guid(e530623cd53f3ea46ac09b786f0c49ef) Importer(815301076,1909f56bfc062723c751e8b465ee728b)
Start importing Packages/com.unity.2d.animation/Editor/Assets/SkinningModule/Icons/Light/Split Bones@4x.png using Guid(e530623cd53f3ea46ac09b786f0c49ef) Importer(815301076,1909f56bfc062723c751e8b465ee728b)  -> (artifact id: '82f5bc167479a71bceb3f93c6d2b7bd4') in 0.043769 seconds 
========================================================================
Received Import Request.
  Time since last request: 0.000025 seconds.
  path: Packages/com.unity.2d.animation/Editor/Assets/SkinningModule/Icons/Selected/Split Bones@3x.png
  artifactKey: Guid(29f90cd6202745c448e74a1398b1c731) Importer(815301076,1909f56bfc062723c751e8b465ee728b)
Start importing Packages/com.unity.2d.animation/Editor/Assets/SkinningModule/Icons/Selected/Split Bones@3x.png using Guid(29f90cd6202745c448e74a1398b1c731) Importer(815301076,1909f56bfc062723c751e8b465ee728b)  -> (artifact id: '2033fb937d39912646fb83be698475e4') in 0.035142 seconds 
========================================================================
Received Import Request.
  Time since last request: 0.000024 seconds.
  path: Packages/com.unity.2d.animation/Editor/Assets/SkinningModule/Icons/Selected/Split_Edge@2x.png
  artifactKey: Guid(2f12c9758dad4e34ea8bc886f1fdb0dd) Importer(815301076,1909f56bfc062723c751e8b465ee728b)
Start importing Packages/com.unity.2d.animation/Editor/Assets/SkinningModule/Icons/Selected/Split_Edge@2x.png using Guid(2f12c9758dad4e34ea8bc886f1fdb0dd) Importer(815301076,1909f56bfc062723c751e8b465ee728b)  -> (artifact id: '63899d99d5408d8aa92b9c969e7b8867') in 0.033736 seconds 
========================================================================
Received Import Request.
  Time since last request: 0.000023 seconds.
  path: Packages/com.unity.2d.animation/Editor/Assets/SkinningModule/Icons/Light/Split Bones@3x.png
  artifactKey: Guid(6b35476d10ed5614a949de8f7c45b534) Importer(815301076,1909f56bfc062723c751e8b465ee728b)
Start importing Packages/com.unity.2d.animation/Editor/Assets/SkinningModule/Icons/Light/Split Bones@3x.png using Guid(6b35476d10ed5614a949de8f7c45b534) Importer(815301076,1909f56bfc062723c751e8b465ee728b)  -> (artifact id: '7cb1cb68b810b1a5d33343168661bc6f') in 0.040630 seconds 
========================================================================
Received Import Request.
  Time since last request: 0.000030 seconds.
  path: Packages/com.unity.2d.animation/Editor/Assets/SkinningModule/Icons/Selected/Split_Edge@3x.png
  artifactKey: Guid(7764b2bf79a49894e8ea10f3d661a4ed) Importer(815301076,1909f56bfc062723c751e8b465ee728b)
Start importing Packages/com.unity.2d.animation/Editor/Assets/SkinningModule/Icons/Selected/Split_Edge@3x.png using Guid(7764b2bf79a49894e8ea10f3d661a4ed) Importer(815301076,1909f56bfc062723c751e8b465ee728b)  -> (artifact id: 'ad7fadb59a506cd62a13b2d38ea045a7') in 0.034300 seconds 
========================================================================
Received Import Request.
  Time since last request: 0.000033 seconds.
  path: Packages/com.unity.2d.animation/Editor/Assets/SkinningModule/Icons/Light/Split_Edge.png
  artifactKey: Guid(900065f34a33d2e478bf93a0191f68de) Importer(815301076,1909f56bfc062723c751e8b465ee728b)
Start importing Packages/com.unity.2d.animation/Editor/Assets/SkinningModule/Icons/Light/Split_Edge.png using Guid(900065f34a33d2e478bf93a0191f68de) Importer(815301076,1909f56bfc062723c751e8b465ee728b)  -> (artifact id: 'b1eef1c94d594bb03461c0697020e765') in 0.039802 seconds 
========================================================================
Received Import Request.
  Time since last request: 0.000025 seconds.
  path: Packages/com.unity.2d.animation/Editor/Assets/SkinningModule/Icons/Selected/Split Bones.png
  artifactKey: Guid(f723a6284838af1429bbb544ecf4015d) Importer(815301076,1909f56bfc062723c751e8b465ee728b)
Start importing Packages/com.unity.2d.animation/Editor/Assets/SkinningModule/Icons/Selected/Split Bones.png using Guid(f723a6284838af1429bbb544ecf4015d) Importer(815301076,1909f56bfc062723c751e8b465ee728b)  -> (artifact id: 'a0def88300d724e060caf6ef1d5b86bc') in 0.041196 seconds 
========================================================================
Received Import Request.
  Time since last request: 0.000027 seconds.
  path: Packages/com.unity.2d.animation/Editor/Assets/SkinningModule/Icons/Selected/Split Bones@2x.png
  artifactKey: Guid(652f381007a2d2247a40aa63c91c2565) Importer(815301076,1909f56bfc062723c751e8b465ee728b)
Start importing Packages/com.unity.2d.animation/Editor/Assets/SkinningModule/Icons/Selected/Split Bones@2x.png using Guid(652f381007a2d2247a40aa63c91c2565) Importer(815301076,1909f56bfc062723c751e8b465ee728b)  -> (artifact id: 'b84b29dcb92b6fee0577ca12ca52be42') in 0.043743 seconds 
========================================================================
Received Import Request.
  Time since last request: 0.000021 seconds.
  path: Packages/com.unity.2d.animation/Editor/Assets/SkinningModule/Icons/Selected/Sprite_Influence@2x.png
  artifactKey: Guid(80f77a76467b24d1a856328afa989eb3) Importer(815301076,1909f56bfc062723c751e8b465ee728b)
Start importing Packages/com.unity.2d.animation/Editor/Assets/SkinningModule/Icons/Selected/Sprite_Influence@2x.png using Guid(80f77a76467b24d1a856328afa989eb3) Importer(815301076,1909f56bfc062723c751e8b465ee728b)  -> (artifact id: '09c54c83d3049dd5989fdeeac6202980') in 0.040909 seconds 
========================================================================
Received Import Request.
  Time since last request: 0.000043 seconds.
  path: Packages/com.unity.2d.animation/Editor/Assets/SkinningModule/Icons/Light/Split_Edge@4x.png
  artifactKey: Guid(21d43e7114c758c49886cb9fc604dd66) Importer(815301076,1909f56bfc062723c751e8b465ee728b)
Start importing Packages/com.unity.2d.animation/Editor/Assets/SkinningModule/Icons/Light/Split_Edge@4x.png using Guid(21d43e7114c758c49886cb9fc604dd66) Importer(815301076,1909f56bfc062723c751e8b465ee728b)  -> (artifact id: '918a61df7aefc6e23e6990f4ca285807') in 0.044908 seconds 
========================================================================
Received Import Request.
  Time since last request: 0.000041 seconds.
  path: Packages/com.unity.2d.animation/Editor/Assets/SkinningModule/Icons/Selected/Split_Edge@4x.png
  artifactKey: Guid(8272ea7c59da847458432e7c88bf7766) Importer(815301076,1909f56bfc062723c751e8b465ee728b)
Start importing Packages/com.unity.2d.animation/Editor/Assets/SkinningModule/Icons/Selected/Split_Edge@4x.png using Guid(8272ea7c59da847458432e7c88bf7766) Importer(815301076,1909f56bfc062723c751e8b465ee728b)  -> (artifact id: '8121603fe9f052d1e80835c59f72b1a9') in 0.031131 seconds 
========================================================================
Received Prepare
Registering precompiled user dll's ...
Registered in 0.010622 seconds.
Begin MonoManager ReloadAssembly
Symbol file LoadedFromMemory doesn't match image C:\Users\gusto\Desktop\Unity\tiny_magi_proto2\Library\PackageCache\com.unity.visualscripting@1.7.8\Editor\VisualScripting.Core\Dependencies\YamlDotNet\Unity.VisualScripting.YamlDotNet.dll
Symbol file LoadedFromMemory doesn't match image C:\Users\gusto\Desktop\Unity\tiny_magi_proto2\Library\PackageCache\com.unity.visualscripting@1.7.8\Editor\VisualScripting.Core\Dependencies\DotNetZip\Unity.VisualScripting.IonicZip.dll
Native extension for WindowsStandalone target not found
Refreshing native plugins compatible for Editor in 1.11 ms, found 4 plugins.
Preloading 0 native plugins for Editor in 0.00 ms.
Mono: successfully reloaded assembly
- Completed reload, in  1.922 seconds
Domain Reload Profiling:
	ReloadAssembly (1924ms)
		BeginReloadAssembly (172ms)
			ExecutionOrderSort (0ms)
			DisableScriptedObjects (9ms)
			BackupInstance (0ms)
			ReleaseScriptingObjects (0ms)
			CreateAndSetChildDomain (55ms)
		EndReloadAssembly (1611ms)
			LoadAssemblies (126ms)
			RebuildTransferFunctionScriptingTraits (0ms)
			SetupTypeCache (468ms)
			ReleaseScriptCaches (3ms)
			RebuildScriptCaches (95ms)
			SetupLoadedEditorAssemblies (819ms)
				LogAssemblyErrors (0ms)
				InitializePlatformSupportModulesInManaged (20ms)
				SetLoadedEditorAssemblies (1ms)
				RefreshPlugins (1ms)
				BeforeProcessingInitializeOnLoad (164ms)
				ProcessInitializeOnLoadAttributes (481ms)
				ProcessInitializeOnLoadMethodAttributes (140ms)
				AfterProcessingInitializeOnLoad (11ms)
				EditorAssembliesLoaded (0ms)
			ExecutionOrderSort2 (0ms)
			AwakeInstancesAfterBackupRestoration (18ms)
Platform modules already initialized, skipping
Refreshing native plugins compatible for Editor in 10.04 ms, found 4 plugins.
Preloading 0 native plugins for Editor in 0.00 ms.
Unloading 5917 Unused Serialized files (Serialized files now loaded: 0)
Unloading 47 unused Assets / (1.3 MB). Loaded Objects now: 6521.
Memory consumption went from 230.0 MB to 228.7 MB.
Total: 7.435900 ms (FindLiveObjects: 0.569800 ms CreateObjectMapping: 0.473300 ms MarkObjects: 5.848200 ms  DeleteObjects: 0.543600 ms)

AssetImportParameters requested are different than current active one (requested -> active):
  custom:video-decoder-ogg-theora: a1e56fd34408186e4bbccfd4996cb3dc -> 
  custom:container-muxer-webm: aa71ff27fc2769a1b78a27578f13a17b -> 
  custom:container-demuxer-webm: 4f35f7cbe854078d1ac9338744f61a02 -> 
  custom:video-encoder-webm-vp8: eb34c28f22e8b96e1ab97ce403110664 -> 
  custom:audio-encoder-webm-vorbis: bf7c407c2cedff20999df2af8eb42d56 -> 
  custom:framework-win-MediaFoundation: 216162199b28c13a410421893ffa2e32 -> 
  custom:container-demuxer-ogg: 62fdf1f143b41e24485cea50d1cbac27 -> 
  custom:video-decoder-webm-vp8: 9c59270c3fd7afecdb556c50c9e8de78 -> 
  custom:audio-decoder-ogg-vorbis: bf7c407c2cedff20999df2af8eb42d56 -> 
